build/app/intermediates/manifest_merge_blame_file/release/manifest-merger-blame-release-report.txt
1<?xml version="1.0" encoding="utf-8"?>
2<manifest xmlns:android="http://schemas.android.com/apk/res/android"
3    package="com.example.calculator"
4    android:versionCode="1"
5    android:versionName="1.0.0" >
6
7    <uses-sdk
8        android:minSdkVersion="16"
8-->src\main\AndroidManifest.xml
9        android:targetSdkVersion="30" />
9-->src\main\AndroidManifest.xml
10
11    <application
11-->src\main\AndroidManifest.xml:3:4-40:19
12        android:appComponentFactory="androidx.core.app.CoreComponentFactory"
12-->[androidx.core:core:1.1.0] AndroidManifest.xml:24:18-86
13        android:icon="@mipmap/launcher_icon"
13-->src\main\AndroidManifest.xml:5:9-45
14        android:label="Calculator" >
14-->src\main\AndroidManifest.xml:4:9-35
15        <activity
15-->src\main\AndroidManifest.xml:6:9-34:20
16            android:name="com.example.calculator.MainActivity"
16-->src\main\AndroidManifest.xml:7:13-41
17            android:configChanges="orientation|keyboardHidden|keyboard|screenSize|smallestScreenSize|locale|layoutDirection|fontScale|screenLayout|density|uiMode"
17-->src\main\AndroidManifest.xml:10:13-163
18            android:hardwareAccelerated="true"
18-->src\main\AndroidManifest.xml:11:13-47
19            android:launchMode="singleTop"
19-->src\main\AndroidManifest.xml:8:13-43
20            android:theme="@style/LaunchTheme"
20-->src\main\AndroidManifest.xml:9:13-47
21            android:windowSoftInputMode="adjustResize" >
21-->src\main\AndroidManifest.xml:12:13-55
22
23            <!--
24                 Specifies an Android theme to apply to this Activity as soon as
25                 the Android process has started. This theme is visible to the user
26                 while the Flutter UI initializes. After that, this theme continues
27                 to determine the Window background behind the Flutter UI.
28            -->
29            <meta-data
29-->src\main\AndroidManifest.xml:17:13-20:17
30                android:name="io.flutter.embedding.android.NormalTheme"
30-->src\main\AndroidManifest.xml:18:15-70
31                android:resource="@style/NormalTheme" />
31-->src\main\AndroidManifest.xml:19:15-52
32            <!--
33                 Displays an Android View that continues showing the launch screen
34                 Drawable until Flutter paints its first frame, then this splash
35                 screen fades out. A splash screen is useful to avoid any visual
36                 gap between the end of Android's launch screen and the painting of
37                 Flutter's first frame.
38            -->
39            <meta-data
39-->src\main\AndroidManifest.xml:26:13-29:17
40                android:name="io.flutter.embedding.android.SplashScreenDrawable"
40-->src\main\AndroidManifest.xml:27:15-79
41                android:resource="@drawable/launch_background" />
41-->src\main\AndroidManifest.xml:28:15-61
42
43            <intent-filter>
43-->src\main\AndroidManifest.xml:30:13-33:29
44                <action android:name="android.intent.action.MAIN" />
44-->src\main\AndroidManifest.xml:31:17-68
44-->src\main\AndroidManifest.xml:31:25-66
45
46                <category android:name="android.intent.category.LAUNCHER" />
46-->src\main\AndroidManifest.xml:32:17-76
46-->src\main\AndroidManifest.xml:32:27-74
47            </intent-filter>
48        </activity>
49        <!--
50             Don't delete the meta-data below.
51             This is used by the Flutter tool to generate GeneratedPluginRegistrant.java
52        -->
53        <meta-data
53-->src\main\AndroidManifest.xml:37:9-39:33
54            android:name="flutterEmbedding"
54-->src\main\AndroidManifest.xml:38:13-44
55            android:value="2" />
55-->src\main\AndroidManifest.xml:39:13-30
56    </application>
57
58</manifest>